<?xml version="1.0" encoding="UTF-8"?>
<!-- Generated by org.testng.reporters.JUnitXMLReporter -->
<testsuite hostname="DC4-QVM-TMQA-08" ignored="0" name="Regression 4" tests="6" failures="0" timestamp="09 Sep 2018 06:03:40 GMT" time="35.226" errors="0">
  <testcase name="testGooglePageTitleInFirefox" time="0.919" classname="com.pulse.Test.ValidLogin4"/>
  <testcase name="testGooglePageTitleInFirefox1" time="5.3" classname="com.pulse.Test.ValidLogin4"/>
  <testcase name="testGooglePageTitleInFirefox2" time="5.357" classname="com.pulse.Test.ValidLogin4"/>
  <testcase name="testGooglePageTitleInFirefox3" time="7.368" classname="com.pulse.Test.ValidLogin4"/>
  <testcase name="testSearchGoogle" time="5.742" classname="com.pulse.Test.ValidLogin4"/>
  <testcase name="testSearchGoogle1" time="5.392" classname="com.pulse.Test.ValidLogin4"/>
</testsuite> <!-- Regression 4 -->
