<?xml version="1.0" encoding="UTF-8"?>
<!-- Generated by org.testng.reporters.JUnitXMLReporter -->
<testsuite hostname="DC4-QVM-TMQA-08" ignored="0" name="Regression 3" tests="6" failures="0" timestamp="18 Dec 2018 07:22:25 GMT" time="45.961" errors="0">
  <testcase name="testGooglePageTitleInFirefox" time="1.761" classname="com.pulse.Test.ValidLogin3"/>
  <testcase name="testGooglePageTitleInFirefox1" time="7.165" classname="com.pulse.Test.ValidLogin3"/>
  <testcase name="testGooglePageTitleInFirefox2" time="4.102" classname="com.pulse.Test.ValidLogin3"/>
  <testcase name="testGooglePageTitleInFirefox3" time="14.338" classname="com.pulse.Test.ValidLogin3"/>
  <testcase name="testSearchGoogle" time="6.815" classname="com.pulse.Test.ValidLogin3"/>
  <testcase name="testSearchGoogle1" time="5.588" classname="com.pulse.Test.ValidLogin3"/>
</testsuite> <!-- Regression 3 -->
