<?xml version="1.0" encoding="UTF-8"?>
<!-- Generated by org.testng.reporters.JUnitXMLReporter -->
<testsuite hostname="DESKTOP-IA0DLJF" ignored="4" name="ExtentWithParallelClasses" tests="18" failures="0" timestamp="23 Jan 2019 12:59:25 GMT" time="23.013" errors="0">
  <testcase name="@BeforeTest setUp" time="22.34" classname="generic.BaseTest">
    <failure type="org.openqa.selenium.remote.UnreachableBrowserException" message="Could not start a new session. Possible causes are invalid address of the remote server or browser start-up failure.
Build info: version: &amp;apos;3.8.1&amp;apos;, revision: &amp;apos;6e95a6684b&amp;apos;, time: &amp;apos;2017-12-01T18:33:54.468Z&amp;apos;
System info: host: &amp;apos;DESKTOP-IA0DLJF&amp;apos;, ip: &amp;apos;192.168.2.8&amp;apos;, os.name: &amp;apos;Windows 10&amp;apos;, os.arch: &amp;apos;amd64&amp;apos;, os.version: &amp;apos;10.0&amp;apos;, java.version: &amp;apos;1.8.0_192&amp;apos;
Driver info: driver.version: RemoteWebDriver">
      <![CDATA[org.openqa.selenium.remote.UnreachableBrowserException: Could not start a new session. Possible causes are invalid address of the remote server or browser start-up failure.
Build info: version: '3.8.1', revision: '6e95a6684b', time: '2017-12-01T18:33:54.468Z'
System info: host: 'DESKTOP-IA0DLJF', ip: '192.168.2.8', os.name: 'Windows 10', os.arch: 'amd64', os.version: '10.0', java.version: '1.8.0_192'
Driver info: driver.version: RemoteWebDriver
	at org.openqa.selenium.remote.RemoteWebDriver.execute(RemoteWebDriver.java:622)
	at org.openqa.selenium.remote.RemoteWebDriver.startSession(RemoteWebDriver.java:219)
	at org.openqa.selenium.remote.RemoteWebDriver.<init>(RemoteWebDriver.java:142)
	at org.openqa.selenium.remote.RemoteWebDriver.<init>(RemoteWebDriver.java:155)
	at generic.BaseTest.getDriver(BaseTest.java:178)
	at generic.BaseTest.setUp(BaseTest.java:133)
Caused by: org.apache.http.conn.HttpHostConnectException: Connect to 10.111.108.157:4444 [/10.111.108.157] failed: Connection timed out: connect
	at org.apache.http.impl.conn.HttpClientConnectionOperator.connect(HttpClientConnectionOperator.java:140)
	at org.apache.http.impl.conn.PoolingHttpClientConnectionManager.connect(PoolingHttpClientConnectionManager.java:318)
	at org.apache.http.impl.execchain.MainClientExec.establishRoute(MainClientExec.java:363)
	at org.apache.http.impl.execchain.MainClientExec.execute(MainClientExec.java:219)
	at org.apache.http.impl.execchain.ProtocolExec.execute(ProtocolExec.java:195)
	at org.apache.http.impl.execchain.RetryExec.execute(RetryExec.java:86)
	at org.apache.http.impl.execchain.RedirectExec.execute(RedirectExec.java:108)
	at org.apache.http.impl.client.InternalHttpClient.doExecute(InternalHttpClient.java:184)
	at org.apache.http.impl.client.CloseableHttpClient.execute(CloseableHttpClient.java:72)
	at org.apache.http.impl.client.CloseableHttpClient.execute(CloseableHttpClient.java:57)
	at org.openqa.selenium.remote.internal.ApacheHttpClient.fallBackExecute(ApacheHttpClient.java:138)
	at org.openqa.selenium.remote.internal.ApacheHttpClient.execute(ApacheHttpClient.java:86)
	at org.openqa.selenium.remote.ProtocolHandshake.createSession(ProtocolHandshake.java:101)
	at org.openqa.selenium.remote.ProtocolHandshake.createSession(ProtocolHandshake.java:73)
	at org.openqa.selenium.remote.HttpCommandExecutor.execute(HttpCommandExecutor.java:142)
	at org.openqa.selenium.remote.RemoteWebDriver.execute(RemoteWebDriver.java:601)
	... 28 more
Caused by: java.net.ConnectException: Connection timed out: connect
	at java.net.DualStackPlainSocketImpl.waitForConnect(Native Method)
	at java.net.DualStackPlainSocketImpl.socketConnect(Unknown Source)
	at java.net.AbstractPlainSocketImpl.doConnect(Unknown Source)
	at java.net.AbstractPlainSocketImpl.connectToAddress(Unknown Source)
	at java.net.AbstractPlainSocketImpl.connect(Unknown Source)
	at java.net.PlainSocketImpl.connect(Unknown Source)
	at java.net.SocksSocketImpl.connect(Unknown Source)
	at java.net.Socket.connect(Unknown Source)
	at org.apache.http.conn.socket.PlainConnectionSocketFactory.connectSocket(PlainConnectionSocketFactory.java:72)
	at org.apache.http.impl.conn.HttpClientConnectionOperator.connect(HttpClientConnectionOperator.java:123)
	... 43 more
... Removed 23 stack frames]]>
    </failure>
  </testcase> <!-- @BeforeTest setUp -->
  <testcase name="@AfterTest postCondition" time="0.0" classname="generic.BaseTest">
    <skipped/>
  </testcase> <!-- @AfterTest postCondition -->
  <testcase name="testGooglePageTitleInFirefox" time="0.0" classname="com.pulse.Test.ValidLogin3">
    <skipped/>
  </testcase> <!-- testGooglePageTitleInFirefox -->
  <testcase name="testGooglePageTitleInFirefox" time="0.0" classname="com.pulse.Test.ValidLogin2">
    <skipped/>
  </testcase> <!-- testGooglePageTitleInFirefox -->
  <testcase name="testGooglePageTitleInFirefox" time="0.0" classname="com.pulse.Test.ValidLogin">
    <skipped/>
  </testcase> <!-- testGooglePageTitleInFirefox -->
  <testcase name="testGooglePageTitleInFirefox1" time="0.0" classname="com.pulse.Test.ValidLogin3">
    <skipped/>
  </testcase> <!-- testGooglePageTitleInFirefox1 -->
  <testcase name="testGooglePageTitleInFirefox1" time="0.0" classname="com.pulse.Test.ValidLogin2">
    <skipped/>
  </testcase> <!-- testGooglePageTitleInFirefox1 -->
  <testcase name="testGooglePageTitleInFirefox1" time="0.0" classname="com.pulse.Test.ValidLogin">
    <skipped/>
  </testcase> <!-- testGooglePageTitleInFirefox1 -->
  <testcase name="testGooglePageTitleInFirefox2" time="0.0" classname="com.pulse.Test.ValidLogin2">
    <skipped/>
  </testcase> <!-- testGooglePageTitleInFirefox2 -->
  <testcase name="testGooglePageTitleInFirefox3" time="0.0" classname="com.pulse.Test.ValidLogin2">
    <skipped/>
  </testcase> <!-- testGooglePageTitleInFirefox3 -->
  <testcase name="testSearchGoogle" time="0.0" classname="com.pulse.Test.ValidLogin2">
    <skipped/>
  </testcase> <!-- testSearchGoogle -->
  <testcase name="testGooglePageTitleInFirefox2" time="0.0" classname="com.pulse.Test.ValidLogin3">
    <skipped/>
  </testcase> <!-- testGooglePageTitleInFirefox2 -->
  <testcase name="testGooglePageTitleInFirefox2" time="0.0" classname="com.pulse.Test.ValidLogin">
    <skipped/>
  </testcase> <!-- testGooglePageTitleInFirefox2 -->
  <testcase name="testGooglePageTitleInFirefox3" time="0.0" classname="com.pulse.Test.ValidLogin3">
    <skipped/>
  </testcase> <!-- testGooglePageTitleInFirefox3 -->
  <testcase name="testSearchGoogle1" time="0.0" classname="com.pulse.Test.ValidLogin2">
    <skipped/>
  </testcase> <!-- testSearchGoogle1 -->
  <testcase name="testSearchGoogle" time="0.0" classname="com.pulse.Test.ValidLogin3">
    <skipped/>
  </testcase> <!-- testSearchGoogle -->
  <testcase name="testGooglePageTitleInFirefox3" time="0.0" classname="com.pulse.Test.ValidLogin">
    <skipped/>
  </testcase> <!-- testGooglePageTitleInFirefox3 -->
  <testcase name="testSearchGoogle" time="0.0" classname="com.pulse.Test.ValidLogin">
    <skipped/>
  </testcase> <!-- testSearchGoogle -->
  <testcase name="testSearchGoogle1" time="0.0" classname="com.pulse.Test.ValidLogin3">
    <skipped/>
  </testcase> <!-- testSearchGoogle1 -->
  <testcase name="testSearchGoogle1" time="0.0" classname="com.pulse.Test.ValidLogin">
    <skipped/>
  </testcase> <!-- testSearchGoogle1 -->
  <testcase name="@AfterTest postCondition" time="0.0" classname="generic.BaseTest">
    <ignored/>
  </testcase> <!-- @AfterTest postCondition -->
  <testcase name="@AfterTest postCondition" time="0.0" classname="generic.BaseTest">
    <ignored/>
  </testcase> <!-- @AfterTest postCondition -->
  <testcase name="@BeforeTest setUp" time="0.0" classname="generic.BaseTest">
    <ignored/>
  </testcase> <!-- @BeforeTest setUp -->
  <testcase name="@BeforeTest setUp" time="0.0" classname="generic.BaseTest">
    <ignored/>
  </testcase> <!-- @BeforeTest setUp -->
</testsuite> <!-- ExtentWithParallelClasses -->
